TN:
SF:/Users/kitsonk/github/remap-istanbul/lib/gulpRemapIstanbul.js
FN:11,(anonymous_1)
FN:15,(anonymous_2)
FN:17,(anonymous_3)
FN:19,(anonymous_4)
FN:41,(anonymous_5)
FNF:5
FNH:4
FNDA:1,(anonymous_1)
FNDA:2,(anonymous_2)
FNDA:2,(anonymous_3)
FNDA:0,(anonymous_4)
FNDA:2,(anonymous_5)
DA:3,1
DA:4,1
DA:13,1
DA:15,1
DA:16,2
DA:17,2
DA:18,2
DA:19,2
DA:20,0
DA:23,2
DA:24,0
DA:27,2
DA:28,0
DA:31,2
DA:33,2
DA:34,1
DA:35,3
DA:39,2
DA:41,2
DA:42,2
LF:20
LH:17
BRDA:3,1,0,1
BRDA:3,1,1,0
BRDA:16,2,0,2
BRDA:16,2,1,1
BRDA:23,3,0,0
BRDA:23,3,1,2
BRDA:27,4,0,0
BRDA:27,4,1,2
BRDA:33,5,0,1
BRDA:33,5,1,1
BRF:10
BRH:7
end_of_record
TN:
SF:/Users/kitsonk/github/remap-istanbul/lib/remap.js
FN:11,(anonymous_1)
FN:27,getSourceCoverage
FN:62,getMapping
FN:122,remap
FN:127,readJSON
FN:134,readFile
FN:148,(anonymous_7)
FN:149,(anonymous_8)
FN:174,(anonymous_9)
FN:207,(anonymous_10)
FN:236,(anonymous_11)
FN:279,(anonymous_12)
FNF:12
FNH:12
FNDA:2,(anonymous_1)
FNDA:430,getSourceCoverage
FNDA:640,getMapping
FNDA:13,remap
FNDA:10,readJSON
FNDA:12,readFile
FNDA:13,(anonymous_7)
FNDA:12,(anonymous_8)
FNDA:80,(anonymous_9)
FNDA:390,(anonymous_10)
FNDA:110,(anonymous_11)
FNDA:120,(anonymous_12)
DA:3,2
DA:4,2
DA:14,2
DA:16,2
DA:18,2
DA:27,1
DA:28,430
DA:29,430
DA:30,10
DA:39,10
DA:49,430
DA:62,1
DA:64,640
DA:65,640
DA:66,640
DA:68,640
DA:69,0
DA:71,640
DA:72,150
DA:74,490
DA:75,0
DA:77,490
DA:78,0
DA:80,490
DA:82,490
DA:83,80
DA:88,80
DA:91,490
DA:122,2
DA:123,13
DA:125,13
DA:127,13
DA:128,10
DA:129,1
DA:131,9
DA:134,13
DA:135,12
DA:136,1
DA:137,1
DA:139,11
DA:142,13
DA:144,13
DA:145,13
DA:148,13
DA:149,13
DA:150,12
DA:151,12
DA:152,12
DA:153,12
DA:154,12
DA:156,12
DA:157,1
DA:158,1
DA:161,11
DA:162,1
DA:165,10
DA:166,10
DA:167,9
DA:170,10
DA:172,10
DA:174,10
DA:175,80
DA:176,80
DA:178,80
DA:179,20
DA:182,60
DA:183,60
DA:184,60
DA:185,60
DA:186,60
DA:191,60
DA:197,60
DA:198,60
DA:199,60
DA:200,60
DA:201,60
DA:203,60
DA:204,60
DA:207,10
DA:208,390
DA:209,390
DA:211,390
DA:212,80
DA:215,310
DA:216,310
DA:217,310
DA:218,310
DA:220,310
DA:226,310
DA:227,310
DA:228,280
DA:229,280
DA:230,280
DA:232,310
DA:233,310
DA:236,10
DA:237,110
DA:238,110
DA:239,110
DA:240,110
DA:242,110
DA:243,170
DA:244,170
DA:245,50
DA:247,120
DA:248,60
DA:250,60
DA:251,0
DA:253,120
DA:254,120
DA:260,60
DA:262,60
DA:263,60
DA:264,60
DA:265,60
DA:267,60
DA:268,60
DA:269,60
DA:270,60
DA:271,60
DA:278,60
DA:279,60
DA:280,120
DA:284,60
DA:285,120
DA:291,11
DA:292,11
DA:295,11
DA:297,11
LF:129
LH:125
BRDA:3,1,0,1
BRDA:3,1,1,1
BRDA:29,2,0,10
BRDA:29,2,1,420
BRDA:68,3,0,0
BRDA:68,3,1,640
BRDA:68,4,0,640
BRDA:68,4,1,640
BRDA:71,5,0,150
BRDA:71,5,1,490
BRDA:71,6,0,640
BRDA:71,6,1,490
BRDA:71,6,2,490
BRDA:74,7,0,0
BRDA:74,7,1,490
BRDA:74,8,0,490
BRDA:74,8,1,490
BRDA:77,9,0,0
BRDA:77,9,1,490
BRDA:77,10,0,490
BRDA:77,10,1,490
BRDA:82,11,0,80
BRDA:82,11,1,410
BRDA:82,12,0,490
BRDA:82,12,1,360
BRDA:123,13,0,13
BRDA:123,13,1,9
BRDA:125,14,0,13
BRDA:125,14,1,10
BRDA:127,15,0,13
BRDA:127,15,1,13
BRDA:128,16,0,1
BRDA:128,16,1,9
BRDA:134,17,0,13
BRDA:134,17,1,13
BRDA:135,18,0,1
BRDA:135,18,1,11
BRDA:144,19,0,13
BRDA:144,19,1,0
BRDA:156,20,0,1
BRDA:156,20,1,11
BRDA:161,21,0,1
BRDA:161,21,1,10
BRDA:170,22,0,10
BRDA:170,22,1,9
BRDA:178,23,0,20
BRDA:178,23,1,60
BRDA:198,24,0,60
BRDA:198,24,1,0
BRDA:203,25,0,60
BRDA:203,25,1,60
BRDA:211,26,0,80
BRDA:211,26,1,310
BRDA:227,27,0,280
BRDA:227,27,1,30
BRDA:232,28,0,310
BRDA:232,28,1,280
BRDA:244,29,0,50
BRDA:244,29,1,120
BRDA:247,30,0,60
BRDA:247,30,1,60
BRDA:250,31,0,0
BRDA:250,31,1,60
BRDA:268,32,0,60
BRDA:268,32,1,0
BRDA:278,33,0,60
BRDA:278,33,1,0
BRF:67
BRH:59
end_of_record
TN:
SF:/Users/kitsonk/github/remap-istanbul/lib/node.js
FN:4,(anonymous_1)
FN:5,(anonymous_2)
FN:10,load
FN:30,normalize
FNF:4
FNH:4
FNDA:3,(anonymous_1)
FNDA:3,(anonymous_2)
FNDA:38,load
FNDA:48,normalize
DA:3,3
DA:4,3
DA:5,3
DA:6,3
DA:8,3
DA:9,3
DA:10,1
DA:12,38
DA:13,38
DA:14,38
DA:15,31
DA:18,38
DA:19,38
DA:20,38
DA:21,38
DA:22,38
DA:25,38
DA:27,38
DA:29,3
DA:30,1
DA:31,48
DA:32,1
DA:34,48
DA:36,3
LF:24
LH:24
BRDA:3,1,0,1
BRDA:3,1,1,2
BRDA:8,2,0,3
BRDA:8,2,1,3
BRDA:8,2,2,0
BRDA:12,3,0,38
BRDA:12,3,1,0
BRDA:12,4,0,38
BRDA:12,4,1,38
BRDA:14,5,0,31
BRDA:14,5,1,7
BRDA:31,6,0,1
BRDA:31,6,1,47
BRF:13
BRH:11
end_of_record
TN:
SF:/Users/kitsonk/github/remap-istanbul/lib/writeReport.js
FN:8,(anonymous_1)
FN:36,writeReport
FN:37,(anonymous_3)
FN:42,(anonymous_4)
FNF:4
FNH:4
FNDA:2,(anonymous_1)
FNDA:29,writeReport
FNDA:29,(anonymous_3)
FNDA:28,(anonymous_4)
DA:3,2
DA:4,2
DA:11,2
DA:36,2
DA:37,29
DA:38,29
DA:39,1
DA:40,1
DA:42,28
DA:43,28
DA:44,28
DA:46,22
DA:47,22
DA:49,3
DA:50,3
DA:52,3
DA:53,3
DA:55,28
DA:56,28
LF:19
LH:19
BRDA:3,1,0,1
BRDA:3,1,1,1
BRDA:38,2,0,1
BRDA:38,2,1,28
BRDA:44,3,0,22
BRDA:44,3,1,3
BRDA:44,3,2,3
BRDA:52,4,0,3
BRDA:52,4,1,1
BRF:9
BRH:9
end_of_record
TN:
SF:/Users/kitsonk/github/remap-istanbul/lib/loadCoverage.js
FN:9,(anonymous_1)
FN:20,loadCoverage
FN:25,readJSON
FN:40,(anonymous_4)
FNF:4
FNH:4
FNDA:2,(anonymous_1)
FNDA:15,loadCoverage
FNDA:14,readJSON
FNDA:15,(anonymous_4)
DA:3,2
DA:4,2
DA:20,2
DA:21,15
DA:23,15
DA:25,15
DA:26,14
DA:27,1
DA:28,1
DA:30,13
DA:33,15
DA:34,10
DA:36,15
DA:37,1
DA:39,15
DA:40,15
DA:41,15
DA:44,15
LF:18
LH:18
BRDA:3,1,0,1
BRDA:3,1,1,1
BRDA:21,2,0,15
BRDA:21,2,1,10
BRDA:23,3,0,15
BRDA:23,3,1,11
BRDA:25,4,0,15
BRDA:25,4,1,14
BRDA:26,5,0,1
BRDA:26,5,1,13
BRDA:33,6,0,10
BRDA:33,6,1,5
BRDA:36,7,0,1
BRDA:36,7,1,14
BRF:14
BRH:14
end_of_record
TN:
SF:/Users/kitsonk/github/remap-istanbul/main.js
FN:16,(anonymous_1)
FN:19,(anonymous_2)
FNF:2
FNH:2
FNDA:2,(anonymous_1)
FNDA:3,(anonymous_2)
DA:3,1
DA:4,1
DA:5,1
DA:16,1
DA:17,2
DA:19,2
DA:20,3
DA:22,2
DA:24,1
DA:25,1
DA:26,1
LF:11
LH:11
BRF:0
BRH:0
end_of_record
TN:
SF:/Users/kitsonk/github/remap-istanbul/tasks/remapIstanbul.js
FN:8,(anonymous_1)
FN:9,(anonymous_2)
FN:13,(anonymous_3)
FN:27,(anonymous_4)
FN:33,(anonymous_5)
FNF:5
FNH:5
FNDA:1,(anonymous_1)
FNDA:2,(anonymous_2)
FNDA:2,(anonymous_3)
FNDA:10,(anonymous_4)
FNDA:2,(anonymous_5)
DA:4,1
DA:5,1
DA:6,1
DA:8,1
DA:9,1
DA:10,2
DA:11,2
DA:12,2
DA:13,2
DA:14,2
DA:23,2
DA:24,1
DA:27,1
DA:28,10
DA:33,2
DA:34,2
LF:16
LH:16
BRDA:23,1,0,1
BRDA:23,1,1,1
BRDA:23,2,0,2
BRDA:23,2,1,1
BRF:4
BRH:4
end_of_record
